[2024-06-17 21:10:43][34] Processing: App\Jobs\MailSenderJob
[2024-06-17 21:10:47][34] Processed:  App\Jobs\MailSenderJob
[2024-06-17 21:18:19][35] Processing: App\Jobs\MailSenderJob
[2024-06-17 21:18:24][35] Processed:  App\Jobs\MailSenderJob
[2024-06-17 22:11:03][36] Processing: App\Jobs\MailSenderJob
[2024-06-17 22:11:11][36] Processed:  App\Jobs\MailSenderJob

   UnexpectedValueException 

  The stream or file "/var/www/html/storage/logs/laravel.log" could not be opened in append mode: failed to open stream: Permission denied
The exception occurred while attempting to log: The stream or file "/var/www/html/storage/logs/laravel.log" could not be opened in append mode: failed to open stream: Permission denied
The exception occurred while attempting to log: The stream or file "/var/www/html/storage/logs/laravel.log" could not be opened in append mode: failed to open stream: Permission denied
The exception occurred while attempting to log: SQLSTATE[HY000]: General error: 2006 MySQL server has gone away
Context: {"exception":{"errorInfo":["HY000",2006,"MySQL server has gone away"]}}
Context: {"exception":{}}
Context: {"exception":{}}

  at vendor/monolog/monolog/src/Monolog/Handler/StreamHandler.php:149
    145▕             }
    146▕             if (!is_resource($stream)) {
    147▕                 $this->stream = null;
    148▕ 
  ➜ 149▕                 throw new \UnexpectedValueException(sprintf('The stream or file "%s" could not be opened in append mode: '.$this->errorMessage, $url) . Utils::getRecordMessageForException($record));
    150▕             }
    151▕             stream_set_chunk_size($stream, $this->streamChunkSize);
    152▕             $this->stream = $stream;
    153▕         }

      [2m+9 vendor frames [22m
  10  [internal]:0
      Illuminate\Foundation\Bootstrap\HandleExceptions::handleException()
