[2024-06-16 23:46:11][7] Processing: App\Jobs\MailSenderJob
[2024-06-16 23:46:17][7] Processed:  App\Jobs\MailSenderJob
[2024-06-16 23:51:00][8] Processing: App\Jobs\MailSenderJob
[2024-06-16 23:51:06][8] Processed:  App\Jobs\MailSenderJob
[2024-06-16 23:51:21][9] Processing: App\Jobs\MailSenderJob
[2024-06-16 23:51:27][9] Processed:  App\Jobs\MailSenderJob
[2024-06-17 00:02:17][10] Processing: App\Jobs\MailSenderJob
[2024-06-17 00:03:01][11] Processing: App\Jobs\MailSenderJob

   UnexpectedValueException 

  The stream or file "/var/www/html/storage/logs/laravel.log" could not be opened in append mode: failed to open stream: Permission denied
The exception occurred while attempting to log: The stream or file "/var/www/html/storage/logs/laravel.log" could not be opened in append mode: failed to open stream: Permission denied
The exception occurred while attempting to log: The stream or file "/var/www/html/storage/logs/laravel.log" could not be opened in append mode: failed to open stream: Permission denied
The exception occurred while attempting to log: Connection could not be established with host smtp.gmail.com :stream_socket_client(): php_network_getaddresses: getaddrinfo failed: Temporary failure in name resolution
Context: {"exception":{}}
Context: {"exception":{}}
Context: {"exception":{}}

  at /var/www/html/vendor/monolog/monolog/src/Monolog/Handler/StreamHandler.php:149
    145▕             }
    146▕             if (!is_resource($stream)) {
    147▕                 $this->stream = null;
    148▕ 
  ➜ 149▕                 throw new \UnexpectedValueException(sprintf('The stream or file "%s" could not be opened in append mode: '.$this->errorMessage, $url) . Utils::getRecordMessageForException($record));
    150▕             }
    151▕             stream_set_chunk_size($stream, $this->streamChunkSize);
    152▕             $this->stream = $stream;
    153▕         }

      [2m+9 vendor frames [22m
  10  [internal]:0
      Illuminate\Foundation\Bootstrap\HandleExceptions::handleException()

   UnexpectedValueException 

  The stream or file "/var/www/html/storage/logs/laravel.log" could not be opened in append mode: failed to open stream: Permission denied
The exception occurred while attempting to log: The stream or file "/var/www/html/storage/logs/laravel.log" could not be opened in append mode: failed to open stream: Permission denied
The exception occurred while attempting to log: The stream or file "/var/www/html/storage/logs/laravel.log" could not be opened in append mode: failed to open stream: Permission denied
The exception occurred while attempting to log: Connection could not be established with host smtp.gmail.com :stream_socket_client(): php_network_getaddresses: getaddrinfo failed: Temporary failure in name resolution
Context: {"exception":{}}
Context: {"exception":{}}
Context: {"exception":{}}

  at /var/www/html/vendor/monolog/monolog/src/Monolog/Handler/StreamHandler.php:149
    145▕             }
    146▕             if (!is_resource($stream)) {
    147▕                 $this->stream = null;
    148▕ 
  ➜ 149▕                 throw new \UnexpectedValueException(sprintf('The stream or file "%s" could not be opened in append mode: '.$this->errorMessage, $url) . Utils::getRecordMessageForException($record));
    150▕             }
    151▕             stream_set_chunk_size($stream, $this->streamChunkSize);
    152▕             $this->stream = $stream;
    153▕         }

      [2m+9 vendor frames [22m
  10  [internal]:0
      Illuminate\Foundation\Bootstrap\HandleExceptions::handleException()
[2024-06-17 00:03:23][12] Processing: App\Jobs\MailSenderJob
[2024-06-17 00:03:45][12] Failed:     App\Jobs\MailSenderJob

   UnexpectedValueException 

  The stream or file "/var/www/html/storage/logs/laravel.log" could not be opened in append mode: failed to open stream: Permission denied
The exception occurred while attempting to log: The stream or file "/var/www/html/storage/logs/laravel.log" could not be opened in append mode: failed to open stream: Permission denied
The exception occurred while attempting to log: The stream or file "/var/www/html/storage/logs/laravel.log" could not be opened in append mode: failed to open stream: Permission denied
The exception occurred while attempting to log: SQLSTATE[42S02]: Base table or view not found: 1146 Table 'test4.failed_jobs' doesn't exist (SQL: insert into `failed_jobs` (`uuid`, `connection`, `queue`, `payload`, `exception`, `failed_at`) values (1b1301f6-4d2a-4290-9b44-441978d01a30, database, default, {"uuid":"1b1301f6-4d2a-4290-9b44-441978d01a30","displayName":"App\\Jobs\\MailSenderJob","job":"Illuminate\\Queue\\CallQueuedHandler@call","maxTries":null,"maxExceptions":null,"failOnTimeout":false,"backoff":null,"timeout":null,"retryUntil":null,"data":{"commandName":"App\\Jobs\\MailSenderJob","command":"O:22:\"App\\Jobs\\MailSenderJob\":12:{s:9:\"addresses\";a:20:{i:0;s:22:\"202103261@est.umss.edu\";i:1;s:40:\"alvarez.rojas.alexander.james5@gmail.com\";i:2;s:32:\"bruteforcesolutionsbfs@gmail.com\";i:3;s:23:\"xdxdagustin.g@gmail.com\";i:4;s:23:\"xdxdmaribel.j@gmail.com\";i:5;s:25:\"xdxdalejandro.g@gmail.com\";i:6;s:27:\"xdxdroberto.v@fcyt.umss.edu\";i:7;s:24:\"xdxdrene.m@fcyt.umss.edu\";i:8;s:24:\"xdxdjose.p@fcyt.umss.edu\";i:9;s:27:\"xdxdleticia.b@fcyt.umss.edu\";i:10;s:26:\"xdxdhernan.u@fcyt.umss.edu\";i:11;s:25:\"xdxdhenry.v@fcyt.umss.edu\";i:12;s:28:\"xdxdvladimir.c@fcyt.umss.edu\";i:13;s:25:\"xdxdcarla.s@fcyt.umss.edu\";i:14;s:28:\"xdxdrosemary.t@fcyt.umss.edu\";i:15;s:26:\"xdxdhelder.f@fcyt.umss.edu\";i:16;s:26:\"xdxdsamuel.a@fcyt.umss.edu\";i:17;s:26:\"xdxdcorina.f@fcyt.umss.edu\";i:18;s:26:\"xdxdvictor.m@fcyt.umss.edu\";i:19;s:19:\"encargado@gmail.com\";}s:4:\"mail\";O:32:\"App\\Mail\\BlockNotificationMailer\":30:{s:7:\"details\";a:16:{s:2:\"id\";i:10;s:5:\"title\";s:20:\"CREACION DE BLOQUE 9\";s:4:\"type\";s:11:\"INFORMATIVO\";s:6:\"sendBy\";s:8:\"SISTEMA \";s:2:\"to\";O:29:\"Illuminate\\Support\\Collection\":2:{s:8:\"\u0000*\u0000items\";a:20:{i:0;a:6:{s:9:\"person_id\";i:1;s:11:\"person_name\";s:12:\"MARIA BENITA\";s:15:\"person_lastname\";s:16:\"CESPEDES GUIZADA\";s:12:\"person_email\";s:22:\"202103261@est.umss.edu\";s:15:\"person_fullname\";s:29:\"MARIA BENITA CESPEDES GUIZADA\";s:6:\"readed\";i:0;}i:1;a:6:{s:9:\"person_id\";i:2;s:11:\"person_name\";s:10:\"MAGDA LENA\";s:15:\"person_lastname\";s:14:\"PEETERS ILONAA\";s:12:\"person_email\";s:40:\"alvarez.rojas.alexander.james5@gmail.com\";s:15:\"person_fullname\";s:25:\"MAGDA LENA PEETERS ILONAA\";s:6:\"readed\";i:0;}i:2;a:6:{s:9:\"person_id\";i:3;s:11:\"person_name\";s:7:\"LIZBETH\";s:15:\"person_lastname\";s:8:\"ARANIBAR\";s:12:\"person_email\";s:32:\"bruteforcesolutionsbfs@gmail.com\";s:15:\"person_fullname\";s:16:\"LIZBETH ARANIBAR\";s:6:\"readed\";i:0;}i:3;a:6:{s:9:\"person_id\";i:4;s:11:\"person_name\";s:7:\"AGUSTIN\";s:15:\"person_lastname\";s:6:\"GUZMAN\";s:12:\"person_email\";s:23:\"xdxdagustin.g@gmail.com\";s:15:\"person_fullname\";s:14:\"AGUSTIN GUZMAN\";s:6:\"readed\";i:0;}i:4;a:6:{s:9:\"person_id\";i:5;s:11:\"person_name\";s:7:\"MARIBEL\";s:15:\"person_lastname\";s:6:\"JAMIRA\";s:12:\"person_email\";s:23:\"xdxdmaribel.j@gmail.com\";s:15:\"person_fullname\";s:14:\"MARIBEL JAMIRA\";s:6:\"readed\";i:0;}i:5;a:6:{s:9:\"person_id\";i:6;s:11:\"person_name\";s:9:\"ALEJANDRO\";s:15:\"person_lastname\";s:6:\"GARCIA\";s:12:\"person_email\";s:25:\"xdxdalejandro.g@gmail.com\";s:15:\"person_fullname\";s:16:\"ALEJANDRO GARCIA\";s:6:\"readed\";i:0;}i:6;a:6:{s:9:\"person_id\";i:7;s:11:\"person_name\";s:7:\"ROBERTO\";s:15:\"person_lastname\";s:18:\"VALENZUELA MIRANDA\";s:12:\"person_email\";s:27:\"xdxdroberto.v@fcyt.umss.edu\";s:15:\"person_fullname\";s:26:\"ROBERTO VALENZUELA MIRANDA\";s:6:\"readed\";i:0;}i:7;a:6:{s:9:\"person_id\";i:8;s:11:\"person_name\";s:4:\"RENE\";s:15:\"person_lastname\";s:16:\"MOREIRA CALIZAYA\";s:12:\"person_email\";s:24:\"xdxdrene.m@fcyt.umss.edu\";s:15:\"person_fullname\";s:21:\"RENE MOREIRA CALIZAYA\";s:6:\"readed\";i:0;}i:8;a:6:{s:9:\"person_id\";i:9;s:11:\"person_name\";s:13:\"JOSE FERNANDO\";s:15:\"person_lastname\";s:19:\"PARISACA ALTAMIRADO\";s:12:\"person_email\";s:24:\"xdxdjose.p@fcyt.umss.edu\";s:15:\"person_fullname\";s:33:\"JOSE FERNANDO PARISACA ALTAMIRADO\";s:6:\"readed\";i:0;}i:9;a:6:{s:9:\"person_id\";i:10;s:11:\"person_name\";s:7:\"LETICIA\";s:15:\"person_lastname\";s:11:\"BLANCO COCA\";s:12:\"person_email\";s:27:\"xdxdleticia.b@fcyt.umss.edu\";s:15:\"person_fullname\";s:19:\"LETICIA BLANCO COCA\";s:6:\"readed\";i:0;}i:10;a:6:{s:9:\"person_id\";i:11;s:11:\"person_name\";s:6:\"HERNAN\";s:15:\"person_lastname\";s:14:\"USTARIZ VARGAS\";s:12:\"person_email\";s:26:\"xdxdhernan.u@fcyt.umss.edu\";s:15:\"person_fullname\";s:21:\"HERNAN USTARIZ VARGAS\";s:6:\"readed\";i:0;}i:11;a:6:{s:9:\"person_id\";i:12;s:11:\"person_name\";s:11:\"HENRY FRANK\";s:15:\"person_lastname\";s:16:\"VILLARROEL TAPIA\";s:12:\"person_email\";s:25:\"xdxdhenry.v@fcyt.umss.edu\";s:15:\"person_fullname\";s:28:\"HENRY FRANK VILLARROEL TAPIA\";s:6:\"readed\";i:0;}i:12;a:6:{s:9:\"person_id\";i:13;s:11:\"person_name\";s:13:\"VLADIMIR ABEL\";s:15:\"person_lastname\";s:15:\"COSTAS JAUREGUI\";s:12:\"person_email\";s:28:\"xdxdvladimir.c@fcyt.umss.edu\";s:15:\"person_fullname\";s:29:\"VLADIMIR ABEL COSTAS JAUREGUI\";s:6:\"readed\";i:0;}i:13;a:6:{s:9:\"person_id\";i:14;s:11:\"person_name\";s:5:\"CARLA\";s:15:\"person_lastname\";s:15:\"SALAZAR SERRUDO\";s:12:\"person_email\";s:25:\"xdxdcarla.s@fcyt.umss.edu\";s:15:\"person_fullname\";s:21:\"CARLA SALAZAR SERRUDO\";s:6:\"readed\";i:0;}i:14;a:6:{s:9:\"person_id\";i:15;s:11:\"person_name\";s:8:\"ROSEMARY\";s:15:\"person_lastname\";s:15:\"TORRICO BASCOPE\";s:12:\"person_email\";s:28:\"xdxdrosemary.t@fcyt.umss.edu\";s:15:\"person_fullname\";s:24:\"ROSEMARY TORRICO BASCOPE\";s:6:\"readed\";i:0;}i:15;a:6:{s:9:\"person_id\";i:16;s:11:\"person_name\";s:14:\"HELDER OCTAVIO\";s:15:\"person_lastname\";s:16:\"FERNANDEZ GUZMAN\";s:12:\"person_email\";s:26:\"xdxdhelder.f@fcyt.umss.edu\";s:15:\"person_fullname\";s:31:\"HELDER OCTAVIO FERNANDEZ GUZMAN\";s:6:\"readed\";i:0;}i:16;a:6:{s:9:\"person_id\";i:17;s:11:\"person_name\";s:6:\"SAMUEL\";s:15:\"person_lastname\";s:10:\"ACHA PEREZ\";s:12:\"person_email\";s:26:\"xdxdsamuel.a@fcyt.umss.edu\";s:15:\"person_fullname\";s:17:\"SAMUEL ACHA PEREZ\";s:6:\"readed\";i:0;}i:17;a:6:{s:9:\"person_id\";i:18;s:11:\"person_name\";s:6:\"CORINA\";s:15:\"person_lastname\";s:17:\"FLORES VILLARROEL\";s:12:\"person_email\";s:26:\"xdxdcorina.f@fcyt.umss.edu\";s:15:\"person_fullname\";s:24:\"CORINA FLORES VILLARROEL\";s:6:\"readed\";i:0;}i:18;a:6:{s:9:\"person_id\";i:19;s:11:\"person_name\";s:11:\"VICTOR HUGO\";s:15:\"person_lastname\";s:15:\"MONTANO QUIROGA\";s:12:\"person_email\";s:26:\"xdxdvictor.m@fcyt.umss.edu\";s:15:\"person_fullname\";s:27:\"VICTOR HUGO MONTANO QUIROGA\";s:6:\"readed\";i:0;}i:19;a:6:{s:9:\"person_id\";i:20;s:11:\"person_name\";s:9:\"ENCARGADO\";s:15:\"person_lastname\";s:0:\"\";s:12:\"person_email\";s:19:\"encargado@gmail.com\";s:15:\"person_fullname\";s:10:\"ENCARGADO \";s:6:\"readed\";i:0;}}s:28:\"\u0000*\u0000escapeWhenCastingToString\";b:0;}s:4:\"body\";s:49:\"Se creo un nuevo bloque denominado EDIFICIO NUEVO\";s:4:\"hour\";s:2:\"20\";s:7:\"minutes\";s:2:\"02\";s:4:\"date\";s:10:\"2024-06-16\";s:8:\"block_id\";i:9;s:10:\"block_name\";s:14:\"EDIFICIO NUEVO\";s:14:\"block_maxfloor\";s:2:\"10\";s:19:\"block_maxclassrooms\";s:2:\"40\";s:15:\"block_status_id\";i:1;s:17:\"block_status_name\";s:10:\"HABILITADO\";s:16:\"block_classrooms\";a:0:{}}s:38:\"\u0000App\\Mail\\BlockNotificationMailer\u0000type\";i:1;s:6:\"locale\";N;s:4:\"from\";a:0:{}s:2:\"to\";a:0:{}s:2:\"cc\";a:0:{}s:3:\"bcc\";a:0:{}s:7:\"replyTo\";a:0:{}s:7:\"subject\";N;s:8:\"markdown\";N;s:7:\"\u0000*\u0000html\";N;s:4:\"view\";N;s:8:\"textView\";N;s:8:\"viewData\";a:0:{}s:11:\"attachments\";a:0:{}s:14:\"rawAttachments\";a:0:{}s:15:\"diskAttachments\";a:0:{}s:9:\"callbacks\";a:0:{}s:5:\"theme\";N;s:6:\"mailer\";N;s:29:\"\u0000*\u0000assertionableRenderStrings\";N;s:10:\"connection\";N;s:5:\"queue\";N;s:15:\"chainConnection\";N;s:10:\"chainQueue\";N;s:19:\"chainCatchCallbacks\";N;s:5:\"delay\";N;s:11:\"afterCommit\";N;s:10:\"middleware\";a:0:{}s:7:\"chained\";a:0:{}}s:3:\"job\";N;s:10:\"connection\";N;s:5:\"queue\";N;s:15:\"chainConnection\";N;s:10:\"chainQueue\";N;s:19:\"chainCatchCallbacks\";N;s:5:\"delay\";N;s:11:\"afterCommit\";N;s:10:\"middleware\";a:0:{}s:7:\"chained\";a:0:{}}"}}, Swift_TransportException: Connection could not be established with host smtp.gmail.com :stream_socket_client(): php_network_getaddresses: getaddrinfo failed: Temporary failure in name resolution in /var/www/html/vendor/swiftmailer/swiftmailer/lib/classes/Swift/Transport/StreamBuffer.php:261
Stack trace:
#0 [internal function]: Swift_Transport_StreamBuffer->{closure}()
#1 /var/www/html/vendor/swiftmailer/swiftmailer/lib/classes/Swift/Transport/StreamBuffer.php(264): stream_socket_client()
#2 /var/www/html/vendor/swiftmailer/swiftmailer/lib/classes/Swift/Transport/StreamBuffer.php(58): Swift_Transport_StreamBuffer->establishSocketConnection()
#3 /var/www/html/vendor/swiftmailer/swiftmailer/lib/classes/Swift/Transport/AbstractSmtpTransport.php(143): Swift_Transport_StreamBuffer->initialize()
#4 /var/www/html/vendor/swiftmailer/swiftmailer/lib/classes/Swift/Mailer.php(65): Swift_Transport_AbstractSmtpTransport->start()
#5 /var/www/html/vendor/laravel/framework/src/Illuminate/Mail/Mailer.php(521): Swift_Mailer->send()
#6 /var/www/html/vendor/laravel/framework/src/Illuminate/Mail/Mailer.php(288): Illuminate\Mail\Mailer->sendSwiftMessage()
#7 /var/www/html/vendor/laravel/framework/src/Illuminate/Mail/Mailable.php(187): Illuminate\Mail\Mailer->send()
#8 /var/www/html/vendor/laravel/framework/src/Illuminate/Support/Traits/Localizable.php(19): Illuminate\Mail\Mailable->Illuminate\Mail\{closure}()
#9 /var/www/html/vendor/laravel/framework/src/Illuminate/Mail/Mailable.php(188): Illuminate\Mail\Mailable->withLocale()
#10 /var/www/html/vendor/laravel/framework/src/Illuminate/Mail/Mailer.php(304): Illuminate\Mail\Mailable->send()
#11 /var/www/html/vendor/laravel/framework/src/Illuminate/Mail/Mailer.php(258): Illuminate\Mail\Mailer->sendMailable()
#12 /var/www/html/vendor/laravel/framework/src/Illuminate/Mail/PendingMail.php(124): Illuminate\Mail\Mailer->send()
#13 /var/www/html/app/Jobs/MailSenderJob.php(37): Illuminate\Mail\PendingMail->send()
#14 /var/www/html/vendor/laravel/framework/src/Illuminate/Container/BoundMethod.php(36): App\Jobs\MailSenderJob->handle()
#15 /var/www/html/vendor/laravel/framework/src/Illuminate/Container/Util.php(40): Illuminate\Container\BoundMethod::Illuminate\Container\{closure}()
#16 /var/www/html/vendor/laravel/framework/src/Illuminate/Container/BoundMethod.php(93): Illuminate\Container\Util::unwrapIfClosure()
#17 /var/www/html/vendor/laravel/framework/src/Illuminate/Container/BoundMethod.php(37): Illuminate\Container\BoundMethod::callBoundMethod()
#18 /var/www/html/vendor/laravel/framework/src/Illuminate/Container/Container.php(653): Illuminate\Container\BoundMethod::call()
#19 /var/www/html/vendor/laravel/framework/src/Illuminate/Bus/Dispatcher.php(128): Illuminate\Container\Container->call()
#20 /var/www/html/vendor/laravel/framework/src/Illuminate/Pipeline/Pipeline.php(128): Illuminate\Bus\Dispatcher->Illuminate\Bus\{closure}()
#21 /var/www/html/vendor/laravel/framework/src/Illuminate/Pipeline/Pipeline.php(103): Illuminate\Pipeline\Pipeline->Illuminate\Pipeline\{closure}()
#22 /var/www/html/vendor/laravel/framework/src/Illuminate/Bus/Dispatcher.php(132): Illuminate\Pipeline\Pipeline->then()
#23 /var/www/html/vendor/laravel/framework/src/Illuminate/Queue/CallQueuedHandler.php(120): Illuminate\Bus\Dispatcher->dispatchNow()
#24 /var/www/html/vendor/laravel/framework/src/Illuminate/Pipeline/Pipeline.php(128): Illuminate\Queue\CallQueuedHandler->Illuminate\Queue\{closure}()
#25 /var/www/html/vendor/laravel/framework/src/Illuminate/Pipeline/Pipeline.php(103): Illuminate\Pipeline\Pipeline->Illuminate\Pipeline\{closure}()
#26 /var/www/html/vendor/laravel/framework/src/Illuminate/Queue/CallQueuedHandler.php(122): Illuminate\Pipeline\Pipeline->then()
#27 /var/www/html/vendor/laravel/framework/src/Illuminate/Queue/CallQueuedHandler.php(70): Illuminate\Queue\CallQueuedHandler->dispatchThroughMiddleware()
#28 /var/www/html/vendor/laravel/framework/src/Illuminate/Queue/Jobs/Job.php(98): Illuminate\Queue\CallQueuedHandler->call()
#29 /var/www/html/vendor/laravel/framework/src/Illuminate/Queue/Worker.php(428): Illuminate\Queue\Jobs\Job->fire()
#30 /var/www/html/vendor/laravel/framework/src/Illuminate/Queue/Worker.php(378): Illuminate\Queue\Worker->process()
#31 /var/www/html/vendor/laravel/framework/src/Illuminate/Queue/Worker.php(172): Illuminate\Queue\Worker->runJob()
#32 /var/www/html/vendor/laravel/framework/src/Illuminate/Queue/Console/WorkCommand.php(117): Illuminate\Queue\Worker->daemon()
#33 /var/www/html/vendor/laravel/framework/src/Illuminate/Queue/Console/WorkCommand.php(101): Illuminate\Queue\Console\WorkCommand->runWorker()
#34 /var/www/html/vendor/laravel/framework/src/Illuminate/Container/BoundMethod.php(36): Illuminate\Queue\Console\WorkCommand->handle()
#35 /var/www/html/vendor/laravel/framework/src/Illuminate/Container/Util.php(40): Illuminate\Container\BoundMethod::Illuminate\Container\{closure}()
#36 /var/www/html/vendor/laravel/framework/src/Illuminate/Container/BoundMethod.php(93): Illuminate\Container\Util::unwrapIfClosure()
#37 /var/www/html/vendor/laravel/framework/src/Illuminate/Container/BoundMethod.php(37): Illuminate\Container\BoundMethod::callBoundMethod()
#38 /var/www/html/vendor/laravel/framework/src/Illuminate/Container/Container.php(653): Illuminate\Container\BoundMethod::call()
#39 /var/www/html/vendor/laravel/framework/src/Illuminate/Console/Command.php(136): Illuminate\Container\Container->call()
#40 /var/www/html/vendor/symfony/console/Command/Command.php(298): Illuminate\Console\Command->execute()
#41 /var/www/html/vendor/laravel/framework/src/Illuminate/Console/Command.php(121): Symfony\Component\Console\Command\Command->run()
#42 /var/www/html/vendor/symfony/console/Application.php(1040): Illuminate\Console\Command->run()
#43 /var/www/html/vendor/symfony/console/Application.php(301): Symfony\Component\Console\Application->doRunCommand()
#44 /var/www/html/vendor/symfony/console/Application.php(171): Symfony\Component\Console\Application->doRun()
#45 /var/www/html/vendor/laravel/framework/src/Illuminate/Console/Application.php(94): Symfony\Component\Console\Application->run()
#46 /var/www/html/vendor/laravel/framework/src/Illuminate/Foundation/Console/Kernel.php(129): Illuminate\Console\Application->run()
#47 /var/www/html/artisan(37): Illuminate\Foundation\Console\Kernel->handle()
#48 {main}, 2024-06-17 00:03:45))
Context: {"exception":{"errorInfo":["42S02",1146,"Table 'test4.failed_jobs' doesn't exist"]}}
Context: {"exception":{}}
Context: {"exception":{}}

  at /var/www/html/vendor/monolog/monolog/src/Monolog/Handler/StreamHandler.php:149
    145▕             }
    146▕             if (!is_resource($stream)) {
    147▕                 $this->stream = null;
    148▕ 
  ➜ 149▕                 throw new \UnexpectedValueException(sprintf('The stream or file "%s" could not be opened in append mode: '.$this->errorMessage, $url) . Utils::getRecordMessageForException($record));
    150▕             }
    151▕             stream_set_chunk_size($stream, $this->streamChunkSize);
    152▕             $this->stream = $stream;
    153▕         }

      [2m+9 vendor frames [22m
  10  [internal]:0
      Illuminate\Foundation\Bootstrap\HandleExceptions::handleException()
[2024-06-17 00:04:10][13] Processing: App\Jobs\MailSenderJob

   UnexpectedValueException 

  The stream or file "/var/www/html/storage/logs/laravel.log" could not be opened in append mode: failed to open stream: Permission denied
The exception occurred while attempting to log: The stream or file "/var/www/html/storage/logs/laravel.log" could not be opened in append mode: failed to open stream: Permission denied
The exception occurred while attempting to log: The stream or file "/var/www/html/storage/logs/laravel.log" could not be opened in append mode: failed to open stream: Permission denied
The exception occurred while attempting to log: Connection could not be established with host smtp.gmail.com :stream_socket_client(): php_network_getaddresses: getaddrinfo failed: Temporary failure in name resolution
Context: {"exception":{}}
Context: {"exception":{}}
Context: {"exception":{}}

  at /var/www/html/vendor/monolog/monolog/src/Monolog/Handler/StreamHandler.php:149
    145▕             }
    146▕             if (!is_resource($stream)) {
    147▕                 $this->stream = null;
    148▕ 
  ➜ 149▕                 throw new \UnexpectedValueException(sprintf('The stream or file "%s" could not be opened in append mode: '.$this->errorMessage, $url) . Utils::getRecordMessageForException($record));
    150▕             }
    151▕             stream_set_chunk_size($stream, $this->streamChunkSize);
    152▕             $this->stream = $stream;
    153▕         }

      [2m+9 vendor frames [22m
  10  [internal]:0
      Illuminate\Foundation\Bootstrap\HandleExceptions::handleException()
[2024-06-17 00:04:32][14] Processing: App\Jobs\MailSenderJob

   UnexpectedValueException 

  The stream or file "/var/www/html/storage/logs/laravel.log" could not be opened in append mode: failed to open stream: Permission denied
The exception occurred while attempting to log: The stream or file "/var/www/html/storage/logs/laravel.log" could not be opened in append mode: failed to open stream: Permission denied
The exception occurred while attempting to log: The stream or file "/var/www/html/storage/logs/laravel.log" could not be opened in append mode: failed to open stream: Permission denied
The exception occurred while attempting to log: Connection could not be established with host smtp.gmail.com :stream_socket_client(): php_network_getaddresses: getaddrinfo failed: Temporary failure in name resolution
Context: {"exception":{}}
Context: {"exception":{}}
Context: {"exception":{}}

  at /var/www/html/vendor/monolog/monolog/src/Monolog/Handler/StreamHandler.php:149
    145▕             }
    146▕             if (!is_resource($stream)) {
    147▕                 $this->stream = null;
    148▕ 
  ➜ 149▕                 throw new \UnexpectedValueException(sprintf('The stream or file "%s" could not be opened in append mode: '.$this->errorMessage, $url) . Utils::getRecordMessageForException($record));
    150▕             }
    151▕             stream_set_chunk_size($stream, $this->streamChunkSize);
    152▕             $this->stream = $stream;
    153▕         }

      [2m+9 vendor frames [22m
  10  [internal]:0
      Illuminate\Foundation\Bootstrap\HandleExceptions::handleException()
[2024-06-17 00:04:32][15] Processing: App\Jobs\MailSenderJob
[2024-06-17 00:04:33][15] Failed:     App\Jobs\MailSenderJob

   UnexpectedValueException 

  The stream or file "/var/www/html/storage/logs/laravel.log" could not be opened in append mode: failed to open stream: Permission denied
The exception occurred while attempting to log: The stream or file "/var/www/html/storage/logs/laravel.log" could not be opened in append mode: failed to open stream: Permission denied
The exception occurred while attempting to log: The stream or file "/var/www/html/storage/logs/laravel.log" could not be opened in append mode: failed to open stream: Permission denied
The exception occurred while attempting to log: SQLSTATE[42S02]: Base table or view not found: 1146 Table 'test4.failed_jobs' doesn't exist (SQL: insert into `failed_jobs` (`uuid`, `connection`, `queue`, `payload`, `exception`, `failed_at`) values (82432c57-86a3-414c-8c9b-e8cada7f1244, database, default, {"uuid":"82432c57-86a3-414c-8c9b-e8cada7f1244","displayName":"App\\Jobs\\MailSenderJob","job":"Illuminate\\Queue\\CallQueuedHandler@call","maxTries":null,"maxExceptions":null,"failOnTimeout":false,"backoff":null,"timeout":null,"retryUntil":null,"data":{"commandName":"App\\Jobs\\MailSenderJob","command":"O:22:\"App\\Jobs\\MailSenderJob\":12:{s:9:\"addresses\";a:20:{i:0;s:22:\"202103261@est.umss.edu\";i:1;s:40:\"alvarez.rojas.alexander.james5@gmail.com\";i:2;s:32:\"bruteforcesolutionsbfs@gmail.com\";i:3;s:23:\"xdxdagustin.g@gmail.com\";i:4;s:23:\"xdxdmaribel.j@gmail.com\";i:5;s:25:\"xdxdalejandro.g@gmail.com\";i:6;s:27:\"xdxdroberto.v@fcyt.umss.edu\";i:7;s:24:\"xdxdrene.m@fcyt.umss.edu\";i:8;s:24:\"xdxdjose.p@fcyt.umss.edu\";i:9;s:27:\"xdxdleticia.b@fcyt.umss.edu\";i:10;s:26:\"xdxdhernan.u@fcyt.umss.edu\";i:11;s:25:\"xdxdhenry.v@fcyt.umss.edu\";i:12;s:28:\"xdxdvladimir.c@fcyt.umss.edu\";i:13;s:25:\"xdxdcarla.s@fcyt.umss.edu\";i:14;s:28:\"xdxdrosemary.t@fcyt.umss.edu\";i:15;s:26:\"xdxdhelder.f@fcyt.umss.edu\";i:16;s:26:\"xdxdsamuel.a@fcyt.umss.edu\";i:17;s:26:\"xdxdcorina.f@fcyt.umss.edu\";i:18;s:26:\"xdxdvictor.m@fcyt.umss.edu\";i:19;s:19:\"encargado@gmail.com\";}s:4:\"mail\";O:36:\"App\\Mail\\ClassroomNotificationMailer\":30:{s:7:\"details\";a:19:{s:2:\"id\";i:11;s:5:\"title\";s:28:\"CREACION DE AMBIENTE 123ABSD\";s:4:\"type\";s:11:\"INFORMATIVO\";s:6:\"sendBy\";s:8:\"SISTEMA \";s:2:\"to\";O:29:\"Illuminate\\Support\\Collection\":2:{s:8:\"\u0000*\u0000items\";a:20:{i:0;a:6:{s:9:\"person_id\";i:1;s:11:\"person_name\";s:12:\"MARIA BENITA\";s:15:\"person_lastname\";s:16:\"CESPEDES GUIZADA\";s:12:\"person_email\";s:22:\"202103261@est.umss.edu\";s:15:\"person_fullname\";s:29:\"MARIA BENITA CESPEDES GUIZADA\";s:6:\"readed\";i:0;}i:1;a:6:{s:9:\"person_id\";i:2;s:11:\"person_name\";s:10:\"MAGDA LENA\";s:15:\"person_lastname\";s:14:\"PEETERS ILONAA\";s:12:\"person_email\";s:40:\"alvarez.rojas.alexander.james5@gmail.com\";s:15:\"person_fullname\";s:25:\"MAGDA LENA PEETERS ILONAA\";s:6:\"readed\";i:0;}i:2;a:6:{s:9:\"person_id\";i:3;s:11:\"person_name\";s:7:\"LIZBETH\";s:15:\"person_lastname\";s:8:\"ARANIBAR\";s:12:\"person_email\";s:32:\"bruteforcesolutionsbfs@gmail.com\";s:15:\"person_fullname\";s:16:\"LIZBETH ARANIBAR\";s:6:\"readed\";i:0;}i:3;a:6:{s:9:\"person_id\";i:4;s:11:\"person_name\";s:7:\"AGUSTIN\";s:15:\"person_lastname\";s:6:\"GUZMAN\";s:12:\"person_email\";s:23:\"xdxdagustin.g@gmail.com\";s:15:\"person_fullname\";s:14:\"AGUSTIN GUZMAN\";s:6:\"readed\";i:0;}i:4;a:6:{s:9:\"person_id\";i:5;s:11:\"person_name\";s:7:\"MARIBEL\";s:15:\"person_lastname\";s:6:\"JAMIRA\";s:12:\"person_email\";s:23:\"xdxdmaribel.j@gmail.com\";s:15:\"person_fullname\";s:14:\"MARIBEL JAMIRA\";s:6:\"readed\";i:0;}i:5;a:6:{s:9:\"person_id\";i:6;s:11:\"person_name\";s:9:\"ALEJANDRO\";s:15:\"person_lastname\";s:6:\"GARCIA\";s:12:\"person_email\";s:25:\"xdxdalejandro.g@gmail.com\";s:15:\"person_fullname\";s:16:\"ALEJANDRO GARCIA\";s:6:\"readed\";i:0;}i:6;a:6:{s:9:\"person_id\";i:7;s:11:\"person_name\";s:7:\"ROBERTO\";s:15:\"person_lastname\";s:18:\"VALENZUELA MIRANDA\";s:12:\"person_email\";s:27:\"xdxdroberto.v@fcyt.umss.edu\";s:15:\"person_fullname\";s:26:\"ROBERTO VALENZUELA MIRANDA\";s:6:\"readed\";i:0;}i:7;a:6:{s:9:\"person_id\";i:8;s:11:\"person_name\";s:4:\"RENE\";s:15:\"person_lastname\";s:16:\"MOREIRA CALIZAYA\";s:12:\"person_email\";s:24:\"xdxdrene.m@fcyt.umss.edu\";s:15:\"person_fullname\";s:21:\"RENE MOREIRA CALIZAYA\";s:6:\"readed\";i:0;}i:8;a:6:{s:9:\"person_id\";i:9;s:11:\"person_name\";s:13:\"JOSE FERNANDO\";s:15:\"person_lastname\";s:19:\"PARISACA ALTAMIRADO\";s:12:\"person_email\";s:24:\"xdxdjose.p@fcyt.umss.edu\";s:15:\"person_fullname\";s:33:\"JOSE FERNANDO PARISACA ALTAMIRADO\";s:6:\"readed\";i:0;}i:9;a:6:{s:9:\"person_id\";i:10;s:11:\"person_name\";s:7:\"LETICIA\";s:15:\"person_lastname\";s:11:\"BLANCO COCA\";s:12:\"person_email\";s:27:\"xdxdleticia.b@fcyt.umss.edu\";s:15:\"person_fullname\";s:19:\"LETICIA BLANCO COCA\";s:6:\"readed\";i:0;}i:10;a:6:{s:9:\"person_id\";i:11;s:11:\"person_name\";s:6:\"HERNAN\";s:15:\"person_lastname\";s:14:\"USTARIZ VARGAS\";s:12:\"person_email\";s:26:\"xdxdhernan.u@fcyt.umss.edu\";s:15:\"person_fullname\";s:21:\"HERNAN USTARIZ VARGAS\";s:6:\"readed\";i:0;}i:11;a:6:{s:9:\"person_id\";i:12;s:11:\"person_name\";s:11:\"HENRY FRANK\";s:15:\"person_lastname\";s:16:\"VILLARROEL TAPIA\";s:12:\"person_email\";s:25:\"xdxdhenry.v@fcyt.umss.edu\";s:15:\"person_fullname\";s:28:\"HENRY FRANK VILLARROEL TAPIA\";s:6:\"readed\";i:0;}i:12;a:6:{s:9:\"person_id\";i:13;s:11:\"person_name\";s:13:\"VLADIMIR ABEL\";s:15:\"person_lastname\";s:15:\"COSTAS JAUREGUI\";s:12:\"person_email\";s:28:\"xdxdvladimir.c@fcyt.umss.edu\";s:15:\"person_fullname\";s:29:\"VLADIMIR ABEL COSTAS JAUREGUI\";s:6:\"readed\";i:0;}i:13;a:6:{s:9:\"person_id\";i:14;s:11:\"person_name\";s:5:\"CARLA\";s:15:\"person_lastname\";s:15:\"SALAZAR SERRUDO\";s:12:\"person_email\";s:25:\"xdxdcarla.s@fcyt.umss.edu\";s:15:\"person_fullname\";s:21:\"CARLA SALAZAR SERRUDO\";s:6:\"readed\";i:0;}i:14;a:6:{s:9:\"person_id\";i:15;s:11:\"person_name\";s:8:\"ROSEMARY\";s:15:\"person_lastname\";s:15:\"TORRICO BASCOPE\";s:12:\"person_email\";s:28:\"xdxdrosemary.t@fcyt.umss.edu\";s:15:\"person_fullname\";s:24:\"ROSEMARY TORRICO BASCOPE\";s:6:\"readed\";i:0;}i:15;a:6:{s:9:\"person_id\";i:16;s:11:\"person_name\";s:14:\"HELDER OCTAVIO\";s:15:\"person_lastname\";s:16:\"FERNANDEZ GUZMAN\";s:12:\"person_email\";s:26:\"xdxdhelder.f@fcyt.umss.edu\";s:15:\"person_fullname\";s:31:\"HELDER OCTAVIO FERNANDEZ GUZMAN\";s:6:\"readed\";i:0;}i:16;a:6:{s:9:\"person_id\";i:17;s:11:\"person_name\";s:6:\"SAMUEL\";s:15:\"person_lastname\";s:10:\"ACHA PEREZ\";s:12:\"person_email\";s:26:\"xdxdsamuel.a@fcyt.umss.edu\";s:15:\"person_fullname\";s:17:\"SAMUEL ACHA PEREZ\";s:6:\"readed\";i:0;}i:17;a:6:{s:9:\"person_id\";i:18;s:11:\"person_name\";s:6:\"CORINA\";s:15:\"person_lastname\";s:17:\"FLORES VILLARROEL\";s:12:\"person_email\";s:26:\"xdxdcorina.f@fcyt.umss.edu\";s:15:\"person_fullname\";s:24:\"CORINA FLORES VILLARROEL\";s:6:\"readed\";i:0;}i:18;a:6:{s:9:\"person_id\";i:19;s:11:\"person_name\";s:11:\"VICTOR HUGO\";s:15:\"person_lastname\";s:15:\"MONTANO QUIROGA\";s:12:\"person_email\";s:26:\"xdxdvictor.m@fcyt.umss.edu\";s:15:\"person_fullname\";s:27:\"VICTOR HUGO MONTANO QUIROGA\";s:6:\"readed\";i:0;}i:19;a:6:{s:9:\"person_id\";i:20;s:11:\"person_name\";s:9:\"ENCARGADO\";s:15:\"person_lastname\";s:0:\"\";s:12:\"person_email\";s:19:\"encargado@gmail.com\";s:15:\"person_fullname\";s:10:\"ENCARGADO \";s:6:\"readed\";i:0;}}s:28:\"\u0000*\u0000escapeWhenCastingToString\";b:0;}s:4:\"body\";s:44:\"Se creo un nuevo ambiente denominado 123ABSD\";s:4:\"hour\";s:2:\"20\";s:7:\"minutes\";s:2:\"04\";s:4:\"date\";s:10:\"2024-06-16\";s:12:\"classroom_id\";i:40;s:14:\"classroom_name\";s:7:\"123ABSD\";s:17:\"classroom_type_id\";s:1:\"3\";s:19:\"classroom_type_name\";s:9:\"AUDITORIO\";s:19:\"classroom_status_id\";i:1;s:21:\"classroom_status_name\";s:10:\"HABILITADO\";s:8:\"capacity\";s:3:\"153\";s:5:\"floor\";s:1:\"0\";s:8:\"block_id\";s:1:\"9\";s:10:\"block_name\";s:14:\"EDIFICIO NUEVO\";}s:42:\"\u0000App\\Mail\\ClassroomNotificationMailer\u0000type\";i:1;s:6:\"locale\";N;s:4:\"from\";a:0:{}s:2:\"to\";a:0:{}s:2:\"cc\";a:0:{}s:3:\"bcc\";a:0:{}s:7:\"replyTo\";a:0:{}s:7:\"subject\";N;s:8:\"markdown\";N;s:7:\"\u0000*\u0000html\";N;s:4:\"view\";N;s:8:\"textView\";N;s:8:\"viewData\";a:0:{}s:11:\"attachments\";a:0:{}s:14:\"rawAttachments\";a:0:{}s:15:\"diskAttachments\";a:0:{}s:9:\"callbacks\";a:0:{}s:5:\"theme\";N;s:6:\"mailer\";N;s:29:\"\u0000*\u0000assertionableRenderStrings\";N;s:10:\"connection\";N;s:5:\"queue\";N;s:15:\"chainConnection\";N;s:10:\"chainQueue\";N;s:19:\"chainCatchCallbacks\";N;s:5:\"delay\";N;s:11:\"afterCommit\";N;s:10:\"middleware\";a:0:{}s:7:\"chained\";a:0:{}}s:3:\"job\";N;s:10:\"connection\";N;s:5:\"queue\";N;s:15:\"chainConnection\";N;s:10:\"chainQueue\";N;s:19:\"chainCatchCallbacks\";N;s:5:\"delay\";N;s:11:\"afterCommit\";N;s:10:\"middleware\";a:0:{}s:7:\"chained\";a:0:{}}"}}, Swift_TransportException: Connection could not be established with host smtp.gmail.com :stream_socket_client(): php_network_getaddresses: getaddrinfo failed: Temporary failure in name resolution in /var/www/html/vendor/swiftmailer/swiftmailer/lib/classes/Swift/Transport/StreamBuffer.php:261
Stack trace:
#0 [internal function]: Swift_Transport_StreamBuffer->{closure}()
#1 /var/www/html/vendor/swiftmailer/swiftmailer/lib/classes/Swift/Transport/StreamBuffer.php(264): stream_socket_client()
#2 /var/www/html/vendor/swiftmailer/swiftmailer/lib/classes/Swift/Transport/StreamBuffer.php(58): Swift_Transport_StreamBuffer->establishSocketConnection()
#3 /var/www/html/vendor/swiftmailer/swiftmailer/lib/classes/Swift/Transport/AbstractSmtpTransport.php(143): Swift_Transport_StreamBuffer->initialize()
#4 /var/www/html/vendor/swiftmailer/swiftmailer/lib/classes/Swift/Mailer.php(65): Swift_Transport_AbstractSmtpTransport->start()
#5 /var/www/html/vendor/laravel/framework/src/Illuminate/Mail/Mailer.php(521): Swift_Mailer->send()
#6 /var/www/html/vendor/laravel/framework/src/Illuminate/Mail/Mailer.php(288): Illuminate\Mail\Mailer->sendSwiftMessage()
#7 /var/www/html/vendor/laravel/framework/src/Illuminate/Mail/Mailable.php(187): Illuminate\Mail\Mailer->send()
#8 /var/www/html/vendor/laravel/framework/src/Illuminate/Support/Traits/Localizable.php(19): Illuminate\Mail\Mailable->Illuminate\Mail\{closure}()
#9 /var/www/html/vendor/laravel/framework/src/Illuminate/Mail/Mailable.php(188): Illuminate\Mail\Mailable->withLocale()
#10 /var/www/html/vendor/laravel/framework/src/Illuminate/Mail/Mailer.php(304): Illuminate\Mail\Mailable->send()
#11 /var/www/html/vendor/laravel/framework/src/Illuminate/Mail/Mailer.php(258): Illuminate\Mail\Mailer->sendMailable()
#12 /var/www/html/vendor/laravel/framework/src/Illuminate/Mail/PendingMail.php(124): Illuminate\Mail\Mailer->send()
#13 /var/www/html/app/Jobs/MailSenderJob.php(37): Illuminate\Mail\PendingMail->send()
#14 /var/www/html/vendor/laravel/framework/src/Illuminate/Container/BoundMethod.php(36): App\Jobs\MailSenderJob->handle()
#15 /var/www/html/vendor/laravel/framework/src/Illuminate/Container/Util.php(40): Illuminate\Container\BoundMethod::Illuminate\Container\{closure}()
#16 /var/www/html/vendor/laravel/framework/src/Illuminate/Container/BoundMethod.php(93): Illuminate\Container\Util::unwrapIfClosure()
#17 /var/www/html/vendor/laravel/framework/src/Illuminate/Container/BoundMethod.php(37): Illuminate\Container\BoundMethod::callBoundMethod()
#18 /var/www/html/vendor/laravel/framework/src/Illuminate/Container/Container.php(653): Illuminate\Container\BoundMethod::call()
#19 /var/www/html/vendor/laravel/framework/src/Illuminate/Bus/Dispatcher.php(128): Illuminate\Container\Container->call()
#20 /var/www/html/vendor/laravel/framework/src/Illuminate/Pipeline/Pipeline.php(128): Illuminate\Bus\Dispatcher->Illuminate\Bus\{closure}()
#21 /var/www/html/vendor/laravel/framework/src/Illuminate/Pipeline/Pipeline.php(103): Illuminate\Pipeline\Pipeline->Illuminate\Pipeline\{closure}()
#22 /var/www/html/vendor/laravel/framework/src/Illuminate/Bus/Dispatcher.php(132): Illuminate\Pipeline\Pipeline->then()
#23 /var/www/html/vendor/laravel/framework/src/Illuminate/Queue/CallQueuedHandler.php(120): Illuminate\Bus\Dispatcher->dispatchNow()
#24 /var/www/html/vendor/laravel/framework/src/Illuminate/Pipeline/Pipeline.php(128): Illuminate\Queue\CallQueuedHandler->Illuminate\Queue\{closure}()
#25 /var/www/html/vendor/laravel/framework/src/Illuminate/Pipeline/Pipeline.php(103): Illuminate\Pipeline\Pipeline->Illuminate\Pipeline\{closure}()
#26 /var/www/html/vendor/laravel/framework/src/Illuminate/Queue/CallQueuedHandler.php(122): Illuminate\Pipeline\Pipeline->then()
#27 /var/www/html/vendor/laravel/framework/src/Illuminate/Queue/CallQueuedHandler.php(70): Illuminate\Queue\CallQueuedHandler->dispatchThroughMiddleware()
#28 /var/www/html/vendor/laravel/framework/src/Illuminate/Queue/Jobs/Job.php(98): Illuminate\Queue\CallQueuedHandler->call()
#29 /var/www/html/vendor/laravel/framework/src/Illuminate/Queue/Worker.php(428): Illuminate\Queue\Jobs\Job->fire()
#30 /var/www/html/vendor/laravel/framework/src/Illuminate/Queue/Worker.php(378): Illuminate\Queue\Worker->process()
#31 /var/www/html/vendor/laravel/framework/src/Illuminate/Queue/Worker.php(172): Illuminate\Queue\Worker->runJob()
#32 /var/www/html/vendor/laravel/framework/src/Illuminate/Queue/Console/WorkCommand.php(117): Illuminate\Queue\Worker->daemon()
#33 /var/www/html/vendor/laravel/framework/src/Illuminate/Queue/Console/WorkCommand.php(101): Illuminate\Queue\Console\WorkCommand->runWorker()
#34 /var/www/html/vendor/laravel/framework/src/Illuminate/Container/BoundMethod.php(36): Illuminate\Queue\Console\WorkCommand->handle()
#35 /var/www/html/vendor/laravel/framework/src/Illuminate/Container/Util.php(40): Illuminate\Container\BoundMethod::Illuminate\Container\{closure}()
#36 /var/www/html/vendor/laravel/framework/src/Illuminate/Container/BoundMethod.php(93): Illuminate\Container\Util::unwrapIfClosure()
#37 /var/www/html/vendor/laravel/framework/src/Illuminate/Container/BoundMethod.php(37): Illuminate\Container\BoundMethod::callBoundMethod()
#38 /var/www/html/vendor/laravel/framework/src/Illuminate/Container/Container.php(653): Illuminate\Container\BoundMethod::call()
#39 /var/www/html/vendor/laravel/framework/src/Illuminate/Console/Command.php(136): Illuminate\Container\Container->call()
#40 /var/www/html/vendor/symfony/console/Command/Command.php(298): Illuminate\Console\Command->execute()
#41 /var/www/html/vendor/laravel/framework/src/Illuminate/Console/Command.php(121): Symfony\Component\Console\Command\Command->run()
#42 /var/www/html/vendor/symfony/console/Application.php(1040): Illuminate\Console\Command->run()
#43 /var/www/html/vendor/symfony/console/Application.php(301): Symfony\Component\Console\Application->doRunCommand()
#44 /var/www/html/vendor/symfony/console/Application.php(171): Symfony\Component\Console\Application->doRun()
#45 /var/www/html/vendor/laravel/framework/src/Illuminate/Console/Application.php(94): Symfony\Component\Console\Application->run()
#46 /var/www/html/vendor/laravel/framework/src/Illuminate/Foundation/Console/Kernel.php(129): Illuminate\Console\Application->run()
#47 /var/www/html/artisan(37): Illuminate\Foundation\Console\Kernel->handle()
#48 {main}, 2024-06-17 00:04:33))
Context: {"exception":{"errorInfo":["42S02",1146,"Table 'test4.failed_jobs' doesn't exist"]}}
Context: {"exception":{}}
Context: {"exception":{}}

  at /var/www/html/vendor/monolog/monolog/src/Monolog/Handler/StreamHandler.php:149
    145▕             }
    146▕             if (!is_resource($stream)) {
    147▕                 $this->stream = null;
    148▕ 
  ➜ 149▕                 throw new \UnexpectedValueException(sprintf('The stream or file "%s" could not be opened in append mode: '.$this->errorMessage, $url) . Utils::getRecordMessageForException($record));
    150▕             }
    151▕             stream_set_chunk_size($stream, $this->streamChunkSize);
    152▕             $this->stream = $stream;
    153▕         }

      [2m+9 vendor frames [22m
  10  [internal]:0
      Illuminate\Foundation\Bootstrap\HandleExceptions::handleException()
[2024-06-17 00:13:07][16] Processing: App\Jobs\MailSenderJob
[2024-06-17 00:13:17][16] Processed:  App\Jobs\MailSenderJob
[2024-06-17 00:19:29][17] Processing: App\Jobs\MailSenderJob
[2024-06-17 00:19:38][17] Processed:  App\Jobs\MailSenderJob
[2024-06-17 00:21:09][18] Processing: App\Jobs\MailSenderJob
[2024-06-17 00:21:16][18] Processed:  App\Jobs\MailSenderJob
[2024-06-17 00:21:26][19] Processing: App\Jobs\MailSenderJob
[2024-06-17 00:21:32][19] Processed:  App\Jobs\MailSenderJob
[2024-06-17 00:22:00][20] Processing: App\Jobs\MailSenderJob
[2024-06-17 00:22:06][20] Processed:  App\Jobs\MailSenderJob
[2024-06-17 00:22:29][21] Processing: App\Jobs\MailSenderJob
[2024-06-17 00:22:37][21] Processed:  App\Jobs\MailSenderJob
[2024-06-17 00:27:04][22] Processing: App\Jobs\MailSenderJob
[2024-06-17 00:27:10][22] Processed:  App\Jobs\MailSenderJob
[2024-06-17 00:45:47][23] Processing: App\Jobs\MailSenderJob
[2024-06-17 00:45:47][24] Processing: App\Jobs\MailSenderJob
[2024-06-17 00:45:54][23] Processed:  App\Jobs\MailSenderJob
[2024-06-17 00:45:55][24] Processed:  App\Jobs\MailSenderJob
[2024-06-17 00:50:31][25] Processing: App\Jobs\MailSenderJob
[2024-06-17 00:50:40][26] Processing: App\Jobs\MailSenderJob
[2024-06-17 00:50:50][26] Processed:  App\Jobs\MailSenderJob
[2024-06-17 00:50:51][25] Processed:  App\Jobs\MailSenderJob
